#
# There is insufficient memory for the Java Runtime Environment to continue.
# Native memory allocation (malloc) failed to allocate 1338736 bytes for Chunk::new
# Possible reasons:
#   The system is out of physical RAM or swap space
#   The process is running with CompressedOops enabled, and the Java Heap may be blocking the growth of the native heap
# Possible solutions:
#   Reduce memory load on the system
#   Increase physical memory or swap space
#   Check if swap backing store is full
#   Decrease Java heap size (-Xmx/-Xms)
#   Decrease number of Java threads
#   Decrease Java thread stack sizes (-Xss)
#   Set larger code cache with -XX:ReservedCodeCacheSize=
#   JVM is running with Unscaled Compressed Oops mode in which the Java heap is
#     placed in the first 4GB address space. The Java Heap base address is the
#     maximum limit for the native heap growth. Please use -XX:HeapBaseMinAddress
#     to set the Java Heap base and to place the Java Heap above 4GB virtual address.
# This output file may be truncated or incomplete.
#
#  Out of Memory Error (allocation.cpp:389), pid=7932, tid=0x0000000000000a9c
#
# JRE version: OpenJDK Runtime Environment (8.0_202-b03) (build 1.8.0_202-release-1483-b03)
# Java VM: OpenJDK 64-Bit Server VM (25.202-b03 mixed mode windows-amd64 compressed oops)
# Failed to write core dump. Minidumps are not enabled by default on client versions of Windows
#

---------------  T H R E A D  ---------------

Current thread (0x0000000016ae1800):  JavaThread "C2 CompilerThread0" daemon [_thread_in_native, id=2716, stack(0x0000000018a80000,0x0000000018b80000)]

Stack: [0x0000000018a80000,0x0000000018b80000]
[error occurred during error reporting (printing stack bounds), id 0xc0000005]

Native frames: (J=compiled Java code, j=interpreted, Vv=VM code, C=native code)


Current CompileTask:
C2:7481643 30029       4       com.android.tools.r8.dex.c::a (492 bytes)


---------------  P R O C E S S  ---------------

Java Threads: ( => current thread )
  0x0000000020734800 JavaThread "ForkJoinPool-20-worker-6" daemon [_thread_blocked, id=6724, stack(0x000000002b1f0000,0x000000002b2f0000)]
  0x0000000020733000 JavaThread "ForkJoinPool-20-worker-5" daemon [_thread_blocked, id=19552, stack(0x000000002b0f0000,0x000000002b1f0000)]
  0x0000000020739000 JavaThread "ForkJoinPool-20-worker-4" daemon [_thread_blocked, id=30244, stack(0x000000002ade0000,0x000000002aee0000)]
  0x000000001c519000 JavaThread "ForkJoinPool-20-worker-3" daemon [_thread_blocked, id=6660, stack(0x000000002ace0000,0x000000002ade0000)]
  0x000000001965d800 JavaThread "ForkJoinPool-20-worker-2" daemon [_thread_blocked, id=27920, stack(0x000000002abe0000,0x000000002ace0000)]
  0x000000001cdb5000 JavaThread "ForkJoinPool-20-worker-1" daemon [_thread_in_Java, id=16880, stack(0x000000002aae0000,0x000000002abe0000)]
  0x000000001cdb4000 JavaThread "WorkerExecutor Queue Thread 7" [_thread_blocked, id=9924, stack(0x000000002a090000,0x000000002a190000)]
  0x000000001cdac800 JavaThread "WorkerExecutor Queue Thread 6" [_thread_blocked, id=19208, stack(0x000000002a9e0000,0x000000002aae0000)]
  0x000000001cda6800 JavaThread "ForkJoinPool.commonPool-worker-0" daemon [_thread_blocked, id=10076, stack(0x000000002a8e0000,0x000000002a9e0000)]
  0x000000001cdac000 JavaThread "ForkJoinPool.commonPool-worker-7" daemon [_thread_blocked, id=20724, stack(0x000000002a7e0000,0x000000002a8e0000)]
  0x000000001cfef000 JavaThread "ForkJoinPool.commonPool-worker-6" daemon [_thread_blocked, id=8116, stack(0x000000002a6e0000,0x000000002a7e0000)]
  0x000000001cfed800 JavaThread "ForkJoinPool.commonPool-worker-4" daemon [_thread_blocked, id=30632, stack(0x0000000028e90000,0x0000000028f90000)]
  0x000000001cfe4000 JavaThread "WorkerExecutor Queue Thread 5" [_thread_blocked, id=28808, stack(0x0000000028d90000,0x0000000028e90000)]
  0x000000001cfea000 JavaThread "Exec process Thread 24" [_thread_blocked, id=26260, stack(0x0000000028c90000,0x0000000028d90000)]
  0x000000001cfe1000 JavaThread "Exec process Thread 23" [_thread_blocked, id=1320, stack(0x0000000028b90000,0x0000000028c90000)]
  0x000000001cfe3000 JavaThread "Exec process Thread 22" [_thread_blocked, id=20148, stack(0x0000000026cc0000,0x0000000026dc0000)]
  0x000000001cfe2800 JavaThread "Cache worker for Java compile cache (C:\Users\yht\Desktop\graduation\SmartClient\.gradle\5.4.1\javaCompile)" [_thread_blocked, id=1764, stack(0x0000000028fc0000,0x00000000290c0000)]
  0x000000001cfe7800 JavaThread "File lock release action executor" [_thread_blocked, id=18580, stack(0x0000000028a90000,0x0000000028b90000)]
  0x000000001c525000 JavaThread "WorkerExecutor Queue Thread 4" [_thread_blocked, id=22316, stack(0x00000000278c0000,0x00000000279c0000)]
  0x000000001c523800 JavaThread "WorkerExecutor Queue Thread 3" [_thread_blocked, id=15596, stack(0x00000000277c0000,0x00000000278c0000)]
  0x000000001c523000 JavaThread "stdout" [_thread_in_native, id=22336, stack(0x00000000276c0000,0x00000000277c0000)]
  0x000000001c526000 JavaThread "stderr" [_thread_in_native, id=17592, stack(0x00000000275c0000,0x00000000276c0000)]
  0x000000001c522000 JavaThread "pool-41-thread-1" [_thread_blocked, id=22036, stack(0x00000000274c0000,0x00000000275c0000)]
  0x000000001c51a000 JavaThread "WorkerExecutor Queue Thread 2" [_thread_blocked, id=8200, stack(0x0000000026fc0000,0x00000000270c0000)]
  0x000000001c520000 JavaThread "Cache worker for execution history cache (C:\Users\yht\Desktop\graduation\SmartClient\.gradle\5.4.1\executionHistory)" [_thread_in_native, id=25636, stack(0x00000000269c0000,0x0000000026ac0000)]
  0x000000001c51f000 JavaThread "Execution worker for ':' Thread 5" [_thread_blocked, id=2456, stack(0x00000000261f0000,0x00000000262f0000)]
  0x000000001c51e800 JavaThread "Execution worker for ':' Thread 4" [_thread_blocked, id=6896, stack(0x00000000260f0000,0x00000000261f0000)]
  0x000000001c518800 JavaThread "Execution worker for ':' Thread 3" [_thread_blocked, id=6736, stack(0x0000000025ff0000,0x00000000260f0000)]
  0x000000001c51a800 JavaThread "Execution worker for ':' Thread 2" [_thread_blocked, id=15636, stack(0x0000000025ef0000,0x0000000025ff0000)]
  0x000000001c51c000 JavaThread "Execution worker for ':'" [_thread_blocked, id=25584, stack(0x00000000255f0000,0x00000000256f0000)]
  0x000000001c51d800 JavaThread "Cache worker for file content cache (C:\Users\yht\Desktop\graduation\SmartClient\.gradle\5.4.1\fileContent)" [_thread_blocked, id=24508, stack(0x00000000253f0000,0x00000000254f0000)]
  0x000000001c517000 JavaThread "Cache worker for Build Output Cleanup Cache (C:\Users\yht\Desktop\graduation\SmartClient\.gradle\buildOutputCleanup)" [_thread_blocked, id=23200, stack(0x0000000024400000,0x0000000024500000)]
  0x000000001d879000 JavaThread "Build operations Thread 6" [_thread_blocked, id=18276, stack(0x00000000226f0000,0x00000000227f0000)]
  0x000000001d87f800 JavaThread "Build operations Thread 5" [_thread_blocked, id=14828, stack(0x00000000225f0000,0x00000000226f0000)]
  0x000000001d87f000 JavaThread "Build operations Thread 4" [_thread_blocked, id=30680, stack(0x00000000212c0000,0x00000000213c0000)]
  0x000000001d87a800 JavaThread "Build operations Thread 3" [_thread_blocked, id=11404, stack(0x00000000211c0000,0x00000000212c0000)]
  0x000000001d87d800 JavaThread "Build operations Thread 2" [_thread_blocked, id=7112, stack(0x0000000020d80000,0x0000000020e80000)]
  0x000000001d87b000 JavaThread "Build operations" [_thread_blocked, id=7576, stack(0x000000001f640000,0x000000001f740000)]
  0x000000001d879800 JavaThread "Cache worker for cache directory md-rule (C:\Users\yht\.gradle\caches\5.4.1\md-rule)" [_thread_blocked, id=9740, stack(0x000000001b500000,0x000000001b600000)]
  0x000000001d878000 JavaThread "Cache worker for cache directory md-supplier (C:\Users\yht\.gradle\caches\5.4.1\md-supplier)" [_thread_blocked, id=16628, stack(0x000000001b400000,0x000000001b500000)]
  0x000000001d87e000 JavaThread "Cache worker for file hash cache (C:\Users\yht\Desktop\graduation\SmartClient\.gradle\5.4.1\fileHashes)" [_thread_blocked, id=29012, stack(0x000000001b300000,0x000000001b400000)]
  0x000000001d87c800 JavaThread "Thread-411" [_thread_blocked, id=13588, stack(0x000000001b200000,0x000000001b300000)]
  0x000000001d875000 JavaThread "Stdin handler" [_thread_blocked, id=24916, stack(0x000000001b100000,0x000000001b200000)]
  0x000000001d870800 JavaThread "Asynchronous log dispatcher for DefaultDaemonConnection: socket connection from /127.0.0.1:10396 to /127.0.0.1:3362" [_thread_blocked, id=18800, stack(0x000000001ae00000,0x000000001af00000)]
  0x000000001d873000 JavaThread "Daemon worker Thread 7" [_thread_blocked, id=25076, stack(0x000000001ad00000,0x000000001ae00000)]
  0x000000001d874800 JavaThread "Cancel handler" [_thread_blocked, id=924, stack(0x0000000000ef0000,0x0000000000ff0000)]
  0x000000001d872000 JavaThread "Handler for socket connection from /127.0.0.1:10396 to /127.0.0.1:3362" [_thread_in_native, id=19288, stack(0x0000000000df0000,0x0000000000ef0000)]
  0x000000001d876800 JavaThread "Daemon Thread 7" [_thread_blocked, id=17808, stack(0x0000000000cf0000,0x0000000000df0000)]
  0x000000001cfe9000 JavaThread "Cache worker for Java compile cache (C:\Users\yht\.gradle\caches\5.4.1\javaCompile)" [_thread_blocked, id=19184, stack(0x00000000254f0000,0x00000000255f0000)]
  0x000000001cdb2000 JavaThread "Cache worker for file content cache (C:\Users\yht\.gradle\caches\5.4.1\fileContent)" [_thread_blocked, id=30136, stack(0x00000000235b0000,0x00000000236b0000)]
  0x000000001cdaf000 JavaThread "Memory manager" [_thread_blocked, id=11924, stack(0x0000000022df0000,0x0000000022ef0000)]
  0x000000001cdad800 JavaThread "Cache worker for execution history cache (C:\Users\yht\.gradle\caches\5.4.1\executionHistory)" [_thread_blocked, id=18080, stack(0x0000000020ec0000,0x0000000020fc0000)]
  0x0000000019660000 JavaThread "Cache worker for journal cache (C:\Users\yht\.gradle\caches\journal-1)" [_thread_blocked, id=9668, stack(0x000000001cad0000,0x000000001cbd0000)]
  0x000000001965f000 JavaThread "File lock request listener" [_thread_in_native, id=19540, stack(0x000000001c9d0000,0x000000001cad0000)]
  0x000000001965e800 JavaThread "Cache worker for file hash cache (C:\Users\yht\.gradle\caches\5.4.1\fileHashes)" [_thread_blocked, id=4908, stack(0x000000001c5d0000,0x000000001c6d0000)]
  0x000000001a4a9800 JavaThread "Daemon periodic checks" [_thread_blocked, id=16320, stack(0x000000001ac00000,0x000000001ad00000)]
  0x000000001a478000 JavaThread "Incoming local TCP Connector on port 10396" [_thread_in_native, id=21564, stack(0x000000001aa50000,0x000000001ab50000)]
  0x0000000019e1b800 JavaThread "Daemon health stats" [_thread_blocked, id=23256, stack(0x000000001a750000,0x000000001a850000)]
  0x0000000018552800 JavaThread "Service Thread" daemon [_thread_blocked, id=10868, stack(0x0000000018d80000,0x0000000018e80000)]
  0x00000000184d1800 JavaThread "C1 CompilerThread2" daemon [_thread_blocked, id=1132, stack(0x0000000018c80000,0x0000000018d80000)]
  0x00000000184cd000 JavaThread "C2 CompilerThread1" daemon [_thread_in_native, id=17116, stack(0x0000000018b80000,0x0000000018c80000)]
=>0x0000000016ae1800 JavaThread "C2 CompilerThread0" daemon [_thread_in_native, id=2716, stack(0x0000000018a80000,0x0000000018b80000)]
  0x0000000016aee800 JavaThread "Attach Listener" daemon [_thread_blocked, id=15496, stack(0x0000000018980000,0x0000000018a80000)]
  0x0000000016aed800 JavaThread "Signal Dispatcher" daemon [_thread_blocked, id=11092, stack(0x0000000018880000,0x0000000018980000)]
  0x0000000002f1d800 JavaThread "Finalizer" daemon [_thread_blocked, id=7084, stack(0x0000000018380000,0x0000000018480000)]
  0x0000000002f17800 JavaThread "Reference Handler" daemon [_thread_blocked, id=13484, stack(0x0000000018280000,0x0000000018380000)]
  0x0000000002d1e000 JavaThread "main" [_thread_blocked, id=23468, stack(0x0000000002d20000,0x0000000002e20000)]

Other Threads:
  0x0000000016a97000 VMThread [stack: 0x0000000018180000,0x0000000018280000] [id=20448]
  0x0000000018553800 WatcherThread [stack: 0x0000000018e80000,0x0000000018f80000] [id=30320]

VM state:not at safepoint (normal execution)

VM Mutex/Monitor currently owned by a thread: None

heap address: 0x00000000a0000000, size: 1536 MB, Compressed Oops mode: 32-bit
Narrow klass base: 0x0000000000000000, Narrow klass shift: 3
Compressed class space size: 1073741824 Address: 0x0000000100000000

Heap:
 PSYoungGen      total 404480K, used 226589K [0x00000000e0000000, 0x00000000ffd80000, 0x0000000100000000)
  eden space 317952K, 44% used [0x00000000e0000000,0x00000000e8a70600,0x00000000f3680000)
  from space 86528K, 98% used [0x00000000f9580000,0x00000000fe857128,0x00000000fea00000)
  to   space 97280K, 0% used [0x00000000f3680000,0x00000000f3680000,0x00000000f9580000)
 ParOldGen       total 437760K, used 129608K [0x00000000a0000000, 0x00000000bab80000, 0x00000000e0000000)
  object space 437760K, 29% used [0x00000000a0000000,0x00000000a7e92050,0x00000000bab80000)
 Metaspace       used 106810K, capacity 113970K, committed 114088K, reserved 1148928K
  class space    used 13416K, capacity 14728K, committed 14760K, reserved 1048576K

Card table byte_map: [0x00000000122e0000,0x00000000125f0000] byte_map_base: 0x0000000011de0000

Marking Bits: (ParMarkBitMap*) 0x0000000054419f30
 Begin Bits: [0x0000000012df0000, 0x00000000145f0000)
 End Bits:   [0x00000000145f0000, 0x0000000015df0000)

Polling page: 0x0000000001030000

CodeCache: size=245760Kb used=82335Kb max_used=82858Kb free=163424Kb
 bounds [0x0000000002f20000, 0x0000000008110000, 0x0000000011f20000]
 total_blobs=23667 nmethods=22736 adapters=840
 compilation: enabled

Compilation events (10 events):
Event: 7481.640 Thread 0x00000000184d1800 30083       1       com.android.tools.r8.code.f::getOpcode (4 bytes)
Event: 7481.640 Thread 0x00000000184d1800 nmethod 30083 0x0000000004bc63d0 code [0x0000000004bc6520, 0x0000000004bc6630]
Event: 7481.640 Thread 0x00000000184d1800 30084       3       com.android.tools.r8.code.q0::a (14 bytes)
Event: 7481.640 Thread 0x00000000184d1800 nmethod 30084 0x0000000004a1b2d0 code [0x0000000004a1b440, 0x0000000004a1b7a8]
Event: 7481.641 Thread 0x00000000184d1800 30085       1       com.android.tools.r8.code.n1::getOpcode (4 bytes)
Event: 7481.641 Thread 0x00000000184d1800 nmethod 30085 0x0000000004bc60d0 code [0x0000000004bc6220, 0x0000000004bc6330]
Event: 7481.641 Thread 0x00000000184cd000 nmethod 30079 0x0000000007f32690 code [0x0000000007f32820, 0x0000000007f32f08]
Event: 7481.641 Thread 0x00000000184cd000 29961       4       com.android.tools.r8.utils.LebUtils::encodeUleb128 (58 bytes)
Event: 7481.641 Thread 0x00000000184d1800 30086       1       com.android.tools.r8.code.DivInt2Addr::getOpcode (4 bytes)
Event: 7481.641 Thread 0x00000000184d1800 nmethod 30086 0x0000000007b23d50 code [0x0000000007b23ea0, 0x0000000007b23fb0]

GC Heap History (10 events):
Event: 7477.114 GC heap before
{Heap before GC invocations=48 (full 4):
 PSYoungGen      total 271872K, used 244782K [0x00000000e0000000, 0x00000000f5d80000, 0x0000000100000000)
  eden space 210432K, 100% used [0x00000000e0000000,0x00000000ecd80000,0x00000000ecd80000)
  from space 61440K, 55% used [0x00000000ecd80000,0x00000000eef0b970,0x00000000f0980000)
  to   space 58880K, 0% used [0x00000000f2400000,0x00000000f2400000,0x00000000f5d80000)
 ParOldGen       total 437760K, used 58935K [0x00000000a0000000, 0x00000000bab80000, 0x00000000e0000000)
  object space 437760K, 13% used [0x00000000a0000000,0x00000000a398def0,0x00000000bab80000)
 Metaspace       used 106306K, capacity 113338K, committed 113576K, reserved 1148928K
  class space    used 13376K, capacity 14666K, committed 14760K, reserved 1048576K
Event: 7477.158 GC heap after
Heap after GC invocations=48 (full 4):
 PSYoungGen      total 300032K, used 39262K [0x00000000e0000000, 0x00000000f5f00000, 0x0000000100000000)
  eden space 241152K, 0% used [0x00000000e0000000,0x00000000e0000000,0x00000000eeb80000)
  from space 58880K, 66% used [0x00000000f2400000,0x00000000f4a57a30,0x00000000f5d80000)
  to   space 57856K, 0% used [0x00000000eeb80000,0x00000000eeb80000,0x00000000f2400000)
 ParOldGen       total 437760K, used 58943K [0x00000000a0000000, 0x00000000bab80000, 0x00000000e0000000)
  object space 437760K, 13% used [0x00000000a0000000,0x00000000a398fef0,0x00000000bab80000)
 Metaspace       used 106306K, capacity 113338K, committed 113576K, reserved 1148928K
  class space    used 13376K, capacity 14666K, committed 14760K, reserved 1048576K
}
Event: 7477.525 GC heap before
{Heap before GC invocations=49 (full 4):
 PSYoungGen      total 300032K, used 280414K [0x00000000e0000000, 0x00000000f5f00000, 0x0000000100000000)
  eden space 241152K, 100% used [0x00000000e0000000,0x00000000eeb80000,0x00000000eeb80000)
  from space 58880K, 66% used [0x00000000f2400000,0x00000000f4a57a30,0x00000000f5d80000)
  to   space 57856K, 0% used [0x00000000eeb80000,0x00000000eeb80000,0x00000000f2400000)
 ParOldGen       total 437760K, used 58943K [0x00000000a0000000, 0x00000000bab80000, 0x00000000e0000000)
  object space 437760K, 13% used [0x00000000a0000000,0x00000000a398fef0,0x00000000bab80000)
 Metaspace       used 106401K, capacity 113420K, committed 113576K, reserved 1148928K
  class space    used 13384K, capacity 14667K, committed 14760K, reserved 1048576K
Event: 7477.558 GC heap after
Heap after GC invocations=49 (full 4):
 PSYoungGen      total 299008K, used 34097K [0x00000000e0000000, 0x00000000f7e00000, 0x0000000100000000)
  eden space 241152K, 0% used [0x00000000e0000000,0x00000000e0000000,0x00000000eeb80000)
  from space 57856K, 58% used [0x00000000eeb80000,0x00000000f0ccc530,0x00000000f2400000)
  to   space 55808K, 0% used [0x00000000f4780000,0x00000000f4780000,0x00000000f7e00000)
 ParOldGen       total 437760K, used 58943K [0x00000000a0000000, 0x00000000bab80000, 0x00000000e0000000)
  object space 437760K, 13% used [0x00000000a0000000,0x00000000a398fef0,0x00000000bab80000)
 Metaspace       used 106401K, capacity 113420K, committed 113576K, reserved 1148928K
  class space    used 13384K, capacity 14667K, committed 14760K, reserved 1048576K
}
Event: 7478.238 GC heap before
{Heap before GC invocations=50 (full 4):
 PSYoungGen      total 299008K, used 275249K [0x00000000e0000000, 0x00000000f7e00000, 0x0000000100000000)
  eden space 241152K, 100% used [0x00000000e0000000,0x00000000eeb80000,0x00000000eeb80000)
  from space 57856K, 58% used [0x00000000eeb80000,0x00000000f0ccc530,0x00000000f2400000)
  to   space 55808K, 0% used [0x00000000f4780000,0x00000000f4780000,0x00000000f7e00000)
 ParOldGen       total 437760K, used 58943K [0x00000000a0000000, 0x00000000bab80000, 0x00000000e0000000)
  object space 437760K, 13% used [0x00000000a0000000,0x00000000a398fef0,0x00000000bab80000)
 Metaspace       used 106457K, capacity 113552K, committed 113832K, reserved 1148928K
  class space    used 13385K, capacity 14667K, committed 14760K, reserved 1048576K
Event: 7478.253 GC heap after
Heap after GC invocations=50 (full 4):
 PSYoungGen      total 330240K, used 39000K [0x00000000e0000000, 0x00000000f7b00000, 0x0000000100000000)
  eden space 277504K, 0% used [0x00000000e0000000,0x00000000e0000000,0x00000000f0f00000)
  from space 52736K, 73% used [0x00000000f4780000,0x00000000f6d960d0,0x00000000f7b00000)
  to   space 55296K, 0% used [0x00000000f0f00000,0x00000000f0f00000,0x00000000f4500000)
 ParOldGen       total 437760K, used 58951K [0x00000000a0000000, 0x00000000bab80000, 0x00000000e0000000)
  object space 437760K, 13% used [0x00000000a0000000,0x00000000a3991ef0,0x00000000bab80000)
 Metaspace       used 106457K, capacity 113552K, committed 113832K, reserved 1148928K
  class space    used 13385K, capacity 14667K, committed 14760K, reserved 1048576K
}
Event: 7478.776 GC heap before
{Heap before GC invocations=51 (full 4):
 PSYoungGen      total 330240K, used 316504K [0x00000000e0000000, 0x00000000f7b00000, 0x0000000100000000)
  eden space 277504K, 100% used [0x00000000e0000000,0x00000000f0f00000,0x00000000f0f00000)
  from space 52736K, 73% used [0x00000000f4780000,0x00000000f6d960d0,0x00000000f7b00000)
  to   space 55296K, 0% used [0x00000000f0f00000,0x00000000f0f00000,0x00000000f4500000)
 ParOldGen       total 437760K, used 58951K [0x00000000a0000000, 0x00000000bab80000, 0x00000000e0000000)
  object space 437760K, 13% used [0x00000000a0000000,0x00000000a3991ef0,0x00000000bab80000)
 Metaspace       used 106609K, capacity 113784K, committed 113832K, reserved 1148928K
  class space    used 13403K, capacity 14715K, committed 14760K, reserved 1048576K
Event: 7479.045 GC heap after
Heap after GC invocations=51 (full 4):
 PSYoungGen      total 332800K, used 55288K [0x00000000e0000000, 0x00000000fea00000, 0x0000000100000000)
  eden space 277504K, 0% used [0x00000000e0000000,0x00000000e0000000,0x00000000f0f00000)
  from space 55296K, 99% used [0x00000000f0f00000,0x00000000f44fe390,0x00000000f4500000)
  to   space 86528K, 0% used [0x00000000f9580000,0x00000000f9580000,0x00000000fea00000)
 ParOldGen       total 437760K, used 129010K [0x00000000a0000000, 0x00000000bab80000, 0x00000000e0000000)
  object space 437760K, 29% used [0x00000000a0000000,0x00000000a7dfc848,0x00000000bab80000)
 Metaspace       used 106609K, capacity 113784K, committed 113832K, reserved 1148928K
  class space    used 13403K, capacity 14715K, committed 14760K, reserved 1048576K
}
Event: 7480.816 GC heap before
{Heap before GC invocations=52 (full 4):
 PSYoungGen      total 332800K, used 332792K [0x00000000e0000000, 0x00000000fea00000, 0x0000000100000000)
  eden space 277504K, 100% used [0x00000000e0000000,0x00000000f0f00000,0x00000000f0f00000)
  from space 55296K, 99% used [0x00000000f0f00000,0x00000000f44fe390,0x00000000f4500000)
  to   space 86528K, 0% used [0x00000000f9580000,0x00000000f9580000,0x00000000fea00000)
 ParOldGen       total 437760K, used 129010K [0x00000000a0000000, 0x00000000bab80000, 0x00000000e0000000)
  object space 437760K, 29% used [0x00000000a0000000,0x00000000a7dfc848,0x00000000bab80000)
 Metaspace       used 106781K, capacity 113964K, committed 114088K, reserved 1148928K
  class space    used 13416K, capacity 14727K, committed 14760K, reserved 1048576K
Event: 7480.927 GC heap after
Heap after GC invocations=52 (full 4):
 PSYoungGen      total 404480K, used 84828K [0x00000000e0000000, 0x00000000ffd80000, 0x0000000100000000)
  eden space 317952K, 0% used [0x00000000e0000000,0x00000000e0000000,0x00000000f3680000)
  from space 86528K, 98% used [0x00000000f9580000,0x00000000fe857128,0x00000000fea00000)
  to   space 97280K, 0% used [0x00000000f3680000,0x00000000f3680000,0x00000000f9580000)
 ParOldGen       total 437760K, used 129608K [0x00000000a0000000, 0x00000000bab80000, 0x00000000e0000000)
  object space 437760K, 29% used [0x00000000a0000000,0x00000000a7e92050,0x00000000bab80000)
 Metaspace       used 106781K, capacity 113964K, committed 114088K, reserved 1148928K
  class space    used 13416K, capacity 14727K, committed 14760K, reserved 1048576K
}

Deoptimization events (10 events):
Event: 7479.071 Thread 0x000000001c523800 Uncommon trap: reason=class_check action=maybe_recompile pc=0x000000000786357c method=com.google.common.collect.ImmutableList.copyOf(Ljava/util/Collection;)Lcom/google/common/collect/ImmutableList; @ 8
Event: 7479.091 Thread 0x000000001cdac800 Uncommon trap: reason=unstable_if action=reinterpret pc=0x0000000005e5fee4 method=com.android.tools.r8.dex.Marker.parse(Lcom/android/tools/r8/graph/DexString;)Lcom/android/tools/r8/dex/Marker; @ 18
Event: 7479.111 Thread 0x000000001cdac800 Uncommon trap: reason=unstable_if action=reinterpret pc=0x000000000529d4f8 method=com.android.tools.r8.graph.DexString.slowCompareTo(Lcom/android/tools/r8/graph/DexString;)I @ 80
Event: 7479.111 Thread 0x000000001cdac800 Uncommon trap: reason=unstable_if action=reinterpret pc=0x0000000004ba5130 method=com.android.tools.r8.graph.DexString.slowCompareTo(Lcom/android/tools/r8/graph/DexString;)I @ 80
Event: 7479.348 Thread 0x000000001cdb4000 Uncommon trap: reason=class_check action=maybe_recompile pc=0x00000000078cc054 method=com.google.common.collect.ImmutableMap.copyOf(Ljava/lang/Iterable;)Lcom/google/common/collect/ImmutableMap; @ 53
Event: 7479.803 Thread 0x000000001c523800 Uncommon trap: reason=unstable_if action=reinterpret pc=0x0000000006936b50 method=java.io.ObjectOutputStream$BlockDataOutputStream.writeInt(I)V @ 9
Event: 7480.191 Thread 0x000000001cdb5000 Uncommon trap: reason=unstable_if action=reinterpret pc=0x00000000046d0a30 method=java.util.TimSort.mergeHi(IIII)V @ 568
Event: 7480.342 Thread 0x000000001cdb5000 Uncommon trap: reason=unstable_if action=reinterpret pc=0x0000000003f72c78 method=com.android.tools.r8.graph.ObjectToOffsetMapping.a(Ljava/util/Collection;Ljava/util/function/Consumer;)Lcom/android/tools/r8/n/a/a/a/h/I0; @ 85
Event: 7480.442 Thread 0x000000001cdb5000 Uncommon trap: reason=predicate action=maybe_recompile pc=0x0000000005389aa0 method=java.util.LinkedList.toArray([Ljava/lang/Object;)[Ljava/lang/Object; @ 45
Event: 7481.113 Thread 0x000000001cdb5000 Uncommon trap: reason=unstable_if action=reinterpret pc=0x0000000007d69710 method=java.util.TimSort.mergeLo(IIII)V @ 529

Classes redefined (0 events):
No events

Internal exceptions (10 events):
Event: 7478.039 Thread 0x000000001c525000 Exception <a 'sun/nio/fs/WindowsException'> (0x00000000ed5b72b8) thrown at [D:\src\AOSP-openjdk-cygwin\jdk8u\hotspot\src\share\vm\prims\jni.cpp, line 710]
Event: 7478.044 Thread 0x000000001c51c000 Exception <a 'sun/nio/fs/WindowsException'> (0x00000000ed62f0c8) thrown at [D:\src\AOSP-openjdk-cygwin\jdk8u\hotspot\src\share\vm\prims\jni.cpp, line 710]
Event: 7478.046 Thread 0x000000001c525000 Exception <a 'sun/nio/fs/WindowsException'> (0x00000000ed67c0f8) thrown at [D:\src\AOSP-openjdk-cygwin\jdk8u\hotspot\src\share\vm\prims\jni.cpp, line 710]
Event: 7478.047 Thread 0x000000001c525000 Exception <a 'sun/nio/fs/WindowsException'> (0x00000000ed6c3018) thrown at [D:\src\AOSP-openjdk-cygwin\jdk8u\hotspot\src\share\vm\prims\jni.cpp, line 710]
Event: 7478.048 Thread 0x000000001c525000 Exception <a 'sun/nio/fs/WindowsException'> (0x00000000ed76d798) thrown at [D:\src\AOSP-openjdk-cygwin\jdk8u\hotspot\src\share\vm\prims\jni.cpp, line 710]
Event: 7478.050 Thread 0x000000001c525000 Exception <a 'sun/nio/fs/WindowsException'> (0x00000000ed775a58) thrown at [D:\src\AOSP-openjdk-cygwin\jdk8u\hotspot\src\share\vm\prims\jni.cpp, line 710]
Event: 7478.053 Thread 0x000000001c525000 Exception <a 'sun/nio/fs/WindowsException'> (0x00000000ed7e67c0) thrown at [D:\src\AOSP-openjdk-cygwin\jdk8u\hotspot\src\share\vm\prims\jni.cpp, line 710]
Event: 7478.310 Thread 0x000000001cdac800 Exception <a 'sun/nio/fs/WindowsException'> (0x00000000e0ce7090) thrown at [D:\src\AOSP-openjdk-cygwin\jdk8u\hotspot\src\share\vm\prims\jni.cpp, line 710]
Event: 7479.083 Thread 0x000000001c51a000 Exception <a 'sun/nio/fs/WindowsException'> (0x00000000e22c2340) thrown at [D:\src\AOSP-openjdk-cygwin\jdk8u\hotspot\src\share\vm\prims\jni.cpp, line 710]
Event: 7479.357 Thread 0x0000000020738800 Exception <a 'sun/nio/fs/WindowsException'> (0x00000000e854d2a8) thrown at [D:\src\AOSP-openjdk-cygwin\jdk8u\hotspot\src\share\vm\prims\jni.cpp, line 710]

Events (10 events):
Event: 7480.931 Executing VM operation: RevokeBias done
Event: 7480.931 Executing VM operation: RevokeBias
Event: 7480.931 Executing VM operation: RevokeBias done
Event: 7480.941 Executing VM operation: RevokeBias
Event: 7480.941 Executing VM operation: RevokeBias done
Event: 7480.958 loading class com/android/builder/merge/RenameIncrementalFileMergerInput
Event: 7480.958 loading class com/android/builder/merge/RenameIncrementalFileMergerInput done
Event: 7481.113 Thread 0x000000001cdb5000 Uncommon trap: trap_request=0xffffff65 fr.pc=0x0000000007d69710
Event: 7481.113 Thread 0x000000001cdb5000 DEOPT PACKING pc=0x0000000007d69710 sp=0x000000002abde5f0
Event: 7481.113 Thread 0x000000001cdb5000 DEOPT UNPACKING pc=0x0000000002f6557b sp=0x000000002abde5d8 mode 2


Dynamic libraries:
0x00007ff7b7730000 - 0x00007ff7b7761000 	C:\Program Files\Android\Android Studio\jre\bin\java.exe
0x00007ffb13c80000 - 0x00007ffb13e70000 	C:\Windows\SYSTEM32\ntdll.dll
0x00007ffb13ac0000 - 0x00007ffb13b72000 	C:\Windows\System32\KERNEL32.DLL
0x00007ffb11a00000 - 0x00007ffb11ca3000 	C:\Windows\System32\KERNELBASE.dll
0x00007ffb11dc0000 - 0x00007ffb11e63000 	C:\Windows\System32\ADVAPI32.dll
0x00007ffb13800000 - 0x00007ffb1389e000 	C:\Windows\System32\msvcrt.dll
0x00007ffb12690000 - 0x00007ffb12727000 	C:\Windows\System32\sechost.dll
0x00007ffb13300000 - 0x00007ffb13420000 	C:\Windows\System32\RPCRT4.dll
0x00007ffb12750000 - 0x00007ffb128e4000 	C:\Windows\System32\USER32.dll
0x00007ffb10c90000 - 0x00007ffb10cb1000 	C:\Windows\System32\win32u.dll
0x00007ffb12aa0000 - 0x00007ffb12ac6000 	C:\Windows\System32\GDI32.dll
0x00007ffb11800000 - 0x00007ffb11994000 	C:\Windows\System32\gdi32full.dll
0x00007ffb10cc0000 - 0x00007ffb10d5e000 	C:\Windows\System32\msvcp_win.dll
0x00007ffb10d60000 - 0x00007ffb10e5a000 	C:\Windows\System32\ucrtbase.dll
0x00007ffb06460000 - 0x00007ffb066e5000 	C:\Windows\WinSxS\amd64_microsoft.windows.common-controls_6595b64144ccf1df_6.0.18362.657_none_e6c5b579130e3898\COMCTL32.dll
0x00007ffb12350000 - 0x00007ffb12686000 	C:\Windows\System32\combase.dll
0x00007ffb11780000 - 0x00007ffb11800000 	C:\Windows\System32\bcryptPrimitives.dll
0x00007ffb137d0000 - 0x00007ffb137fe000 	C:\Windows\System32\IMM32.DLL
0x0000000053a90000 - 0x0000000053b62000 	C:\Program Files\Android\Android Studio\jre\jre\bin\msvcr100.dll
0x0000000053c50000 - 0x0000000054496000 	C:\Program Files\Android\Android Studio\jre\jre\bin\server\jvm.dll
0x00007ffb138a0000 - 0x00007ffb138a8000 	C:\Windows\System32\PSAPI.DLL
0x00007ffb04880000 - 0x00007ffb04889000 	C:\Windows\SYSTEM32\WSOCK32.dll
0x00007ffb041c0000 - 0x00007ffb041e4000 	C:\Windows\SYSTEM32\WINMM.dll
0x00007ffb122e0000 - 0x00007ffb1234f000 	C:\Windows\System32\WS2_32.dll
0x00007ffb08ba0000 - 0x00007ffb08baa000 	C:\Windows\SYSTEM32\VERSION.dll
0x00007ffb03da0000 - 0x00007ffb03dcd000 	C:\Windows\SYSTEM32\winmmbase.dll
0x00007ffb10e60000 - 0x00007ffb10eaa000 	C:\Windows\System32\cfgmgr32.dll
0x00007ffaeec10000 - 0x00007ffaeec1f000 	C:\Program Files\Android\Android Studio\jre\jre\bin\verify.dll
0x00007ffa9e8d0000 - 0x00007ffa9e8f9000 	C:\Program Files\Android\Android Studio\jre\jre\bin\java.dll
0x00007ffa9eb40000 - 0x00007ffa9eb56000 	C:\Program Files\Android\Android Studio\jre\jre\bin\zip.dll
0x00007ffb12ba0000 - 0x00007ffb13285000 	C:\Windows\System32\SHELL32.dll
0x00007ffb136c0000 - 0x00007ffb13769000 	C:\Windows\System32\shcore.dll
0x00007ffb10eb0000 - 0x00007ffb1162f000 	C:\Windows\System32\windows.storage.dll
0x00007ffb10c50000 - 0x00007ffb10c6f000 	C:\Windows\System32\profapi.dll
0x00007ffb10c00000 - 0x00007ffb10c4a000 	C:\Windows\System32\powrprof.dll
0x00007ffb10bd0000 - 0x00007ffb10be0000 	C:\Windows\System32\UMPDC.dll
0x00007ffb13b80000 - 0x00007ffb13bd2000 	C:\Windows\System32\shlwapi.dll
0x00007ffb10be0000 - 0x00007ffb10bf1000 	C:\Windows\System32\kernel.appcore.dll
0x00007ffb11d90000 - 0x00007ffb11da7000 	C:\Windows\System32\cryptsp.dll
0x00007ffa9e8b0000 - 0x00007ffa9e8ca000 	C:\Program Files\Android\Android Studio\jre\jre\bin\net.dll
0x00007ffb10440000 - 0x00007ffb104a7000 	C:\Windows\system32\mswsock.dll
0x00007ffa9e890000 - 0x00007ffa9e8a1000 	C:\Program Files\Android\Android Studio\jre\jre\bin\nio.dll
0x00007ffa9e070000 - 0x00007ffa9e096000 	C:\Users\yht\.gradle\native\29\windows-amd64\native-platform.dll
0x00007ffaee080000 - 0x00007ffaee08d000 	C:\Program Files\Android\Android Studio\jre\jre\bin\management.dll
0x00007ffb0ffb0000 - 0x00007ffb0ffe3000 	C:\Windows\system32\rsaenh.dll
0x00007ffb11cb0000 - 0x00007ffb11cd6000 	C:\Windows\System32\bcrypt.dll
0x00007ffb10af0000 - 0x00007ffb10b15000 	C:\Windows\SYSTEM32\USERENV.dll
0x00007ffb10610000 - 0x00007ffb1061c000 	C:\Windows\SYSTEM32\CRYPTBASE.dll
0x00007ffb10150000 - 0x00007ffb1018a000 	C:\Windows\SYSTEM32\IPHLPAPI.DLL
0x00007ffb13ab0000 - 0x00007ffb13ab8000 	C:\Windows\System32\NSI.dll
0x00007ffb0b140000 - 0x00007ffb0b156000 	C:\Windows\SYSTEM32\dhcpcsvc6.DLL
0x00007ffb0b120000 - 0x00007ffb0b13c000 	C:\Windows\SYSTEM32\dhcpcsvc.DLL
0x00007ffb10190000 - 0x00007ffb1025a000 	C:\Windows\SYSTEM32\DNSAPI.dll
0x00007ffa9e470000 - 0x00007ffa9e494000 	C:\Program Files\Android\Android Studio\jre\jre\bin\sunec.dll
0x00007ffaec7e0000 - 0x00007ffaec7eb000 	C:\Program Files\Android\Android Studio\jre\jre\bin\sunmscapi.dll
0x00007ffb11630000 - 0x00007ffb11779000 	C:\Windows\System32\CRYPT32.dll
0x00007ffb10c70000 - 0x00007ffb10c82000 	C:\Windows\System32\MSASN1.dll

VM Arguments:
jvm_args: -Xmx1536m -Dfile.encoding=GBK -Duser.country=CN -Duser.language=zh -Duser.variant 
java_command: org.gradle.launcher.daemon.bootstrap.GradleDaemon 5.4.1
java_class_path (initial): C:\Users\yht\.gradle\wrapper\dists\gradle-5.4.1-all\3221gyojl5jsh0helicew7rwx\gradle-5.4.1\lib\gradle-launcher-5.4.1.jar
Launcher Type: SUN_STANDARD

Environment Variables:
PATH=C:\Users\yht\AppData\Local\Programs\Python\Python37;C:\Users\yht\AppData\Local\Programs\Python\Python37\Scripts;C:\Program Files (x86)\Common Files\Oracle\Java\javapath;C:\WINDOWS\system32;C:\WINDOWS;C:\WINDOWS\System32\Wbem;C:\WINDOWS\System32\WindowsPowerShell\v1.0\;C:\WINDOWS\System32\OpenSSH\;C:\Program Files\NVIDIA Corporation\NVIDIA NvDLISR;C:\Program Files (x86)\NVIDIA Corporation\PhysX\Common;C:\Program Files\Git\cmd;C:\Program Files\nodejs\;C:\ProgramData\chocolatey\bin;C:\Python27;C:\Python27\Scripts;C:\Users\yht\AppData\Local\Android\Sdk\ndk\16.1.4479499;C:\Users\yht\Anaconda3;C:\Users\yht\Anaconda3\Library\mingw-w64\bin;C:\Users\yht\Anaconda3\Library\usr\bin;C:\Users\yht\Anaconda3\Library\bin;C:\Users\yht\Anaconda3\Scripts;C:\Users\yht\AppData\Local\Programs\Python\Python37\Scripts\;C:\Users\yht\AppData\Local\Programs\Python\Python37\;C:\Users\yht\AppData\Local\Microsoft\WindowsApps;C:\Users\yht\AppData\Local\Programs\Microsoft VS Code\bin;C:\Users\yht\AppData\Roaming\npm
USERNAME=yht
OS=Windows_NT
PROCESSOR_IDENTIFIER=Intel64 Family 6 Model 158 Stepping 12, GenuineIntel



---------------  S Y S T E M  ---------------

OS: Windows 10.0 , 64 bit Build 18362 (10.0.18362.329)

CPU:total 6 (initial active 6) (6 cores per cpu, 1 threads per core) family 6 model 158 stepping 12, cmov, cx8, fxsr, mmx, sse, sse2, sse3, ssse3, sse4.1, sse4.2, popcnt, avx, avx2, aes, clmul, erms, rtm, 3dnowpref, lzcnt, tsc, tscinvbit, bmi1, bmi2, adx

Memory: 4k page, physical 16717252k(3356104k free), swap 21861828k(5468k free)

vm_info: OpenJDK 64-Bit Server VM (25.202-b03) for windows-amd64 JRE (1.8.0_202-release-1483-b03), built by "builder" with MS VC++ 10.0 (VS2010)

time: Tue Feb 18 19:28:58 2020
timezone: 中国标准时间
elapsed time: 7481 seconds (0d 2h 4m 41s)

