#
# There is insufficient memory for the Java Runtime Environment to continue.
# Native memory allocation (malloc) failed to allocate 131088 bytes for Chunk::new
# Possible reasons:
#   The system is out of physical RAM or swap space
#   The process is running with CompressedOops enabled, and the Java Heap may be blocking the growth of the native heap
# Possible solutions:
#   Reduce memory load on the system
#   Increase physical memory or swap space
#   Check if swap backing store is full
#   Decrease Java heap size (-Xmx/-Xms)
#   Decrease number of Java threads
#   Decrease Java thread stack sizes (-Xss)
#   Set larger code cache with -XX:ReservedCodeCacheSize=
#   JVM is running with Unscaled Compressed Oops mode in which the Java heap is
#     placed in the first 4GB address space. The Java Heap base address is the
#     maximum limit for the native heap growth. Please use -XX:HeapBaseMinAddress
#     to set the Java Heap base and to place the Java Heap above 4GB virtual address.
# This output file may be truncated or incomplete.
#
#  Out of Memory Error (allocation.cpp:389), pid=4688, tid=0x0000000000005dd4
#
# JRE version: OpenJDK Runtime Environment (8.0_202-b03) (build 1.8.0_202-release-1483-b03)
# Java VM: OpenJDK 64-Bit Server VM (25.202-b03 mixed mode windows-amd64 compressed oops)
# Failed to write core dump. Minidumps are not enabled by default on client versions of Windows
#

---------------  T H R E A D  ---------------

Current thread (0x000000001735a000):  JavaThread "C2 CompilerThread1" daemon [_thread_in_native, id=24020, stack(0x00000000193d0000,0x00000000194d0000)]

Stack: [0x00000000193d0000,0x00000000194d0000]
[error occurred during error reporting (printing stack bounds), id 0xc0000005]

Native frames: (J=compiled Java code, j=interpreted, Vv=VM code, C=native code)


Current CompileTask:
C2:   4852 2596       4       groovy.lang.MetaClassImpl$1MOPIter::methodNameAction (325 bytes)


---------------  P R O C E S S  ---------------

Java Threads: ( => current thread )
  0x000000001c55c000 JavaThread "Cache worker for execution history cache (C:\Users\yht\.gradle\caches\5.4.1\executionHistory)" [_thread_blocked, id=8056, stack(0x00000000210c0000,0x00000000211c0000)]
  0x000000001ac55000 JavaThread "Cache worker for cache directory md-rule (C:\Users\yht\.gradle\caches\5.4.1\md-rule)" [_thread_blocked, id=992, stack(0x0000000020fc0000,0x00000000210c0000)]
  0x000000001ac53000 JavaThread "Cache worker for cache directory md-supplier (C:\Users\yht\.gradle\caches\5.4.1\md-supplier)" [_thread_blocked, id=7596, stack(0x0000000020ec0000,0x0000000020fc0000)]
  0x000000001ac52800 JavaThread "File lock release action executor" [_thread_blocked, id=26776, stack(0x0000000020dc0000,0x0000000020ec0000)]
  0x000000001ac55800 JavaThread "Cache worker for file hash cache (C:\Users\yht\Desktop\graduation\SmartClient\.gradle\5.4.1\fileHashes)" [_thread_blocked, id=10640, stack(0x000000001e4d0000,0x000000001e5d0000)]
  0x000000001ac56800 JavaThread "Cache worker for journal cache (C:\Users\yht\.gradle\caches\journal-1)" [_thread_blocked, id=24300, stack(0x000000001c1a0000,0x000000001c2a0000)]
  0x000000001ac51000 JavaThread "File lock request listener" [_thread_in_native, id=22364, stack(0x000000001c0a0000,0x000000001c1a0000)]
  0x000000001aca0000 JavaThread "Cache worker for file hash cache (C:\Users\yht\.gradle\caches\5.4.1\fileHashes)" [_thread_blocked, id=9228, stack(0x000000001bda0000,0x000000001bea0000)]
  0x000000001abd4000 JavaThread "Thread-9" [_thread_blocked, id=23264, stack(0x000000001bca0000,0x000000001bda0000)]
  0x000000001abcd800 JavaThread "Stdin handler" [_thread_blocked, id=956, stack(0x000000001bba0000,0x000000001bca0000)]
  0x000000001abcd000 JavaThread "Asynchronous log dispatcher for DefaultDaemonConnection: socket connection from /127.0.0.1:7267 to /127.0.0.1:7268" [_thread_blocked, id=8528, stack(0x000000001baa0000,0x000000001bba0000)]
  0x000000001abee800 JavaThread "Daemon worker" [_thread_in_vm, id=9924, stack(0x000000001b9a0000,0x000000001baa0000)]
  0x000000001abe4000 JavaThread "Cancel handler" [_thread_blocked, id=11740, stack(0x000000001b8a0000,0x000000001b9a0000)]
  0x000000001ab79000 JavaThread "Handler for socket connection from /127.0.0.1:7267 to /127.0.0.1:7268" [_thread_in_native, id=23268, stack(0x000000001b5a0000,0x000000001b6a0000)]
  0x000000001ab77000 JavaThread "Daemon" [_thread_blocked, id=15568, stack(0x000000001b4a0000,0x000000001b5a0000)]
  0x000000001ab67000 JavaThread "Daemon periodic checks" [_thread_blocked, id=28028, stack(0x000000001b3a0000,0x000000001b4a0000)]
  0x000000001aaaf800 JavaThread "Incoming local TCP Connector on port 7267" [_thread_in_native, id=6696, stack(0x000000001b2a0000,0x000000001b3a0000)]
  0x000000001a9e4800 JavaThread "Daemon health stats" [_thread_blocked, id=8268, stack(0x000000001afa0000,0x000000001b0a0000)]
  0x0000000018d5c800 JavaThread "Service Thread" daemon [_thread_blocked, id=29984, stack(0x00000000195d0000,0x00000000196d0000)]
  0x0000000018d2d000 JavaThread "C1 CompilerThread2" daemon [_thread_blocked, id=8088, stack(0x00000000194d0000,0x00000000195d0000)]
=>0x000000001735a000 JavaThread "C2 CompilerThread1" daemon [_thread_in_native, id=24020, stack(0x00000000193d0000,0x00000000194d0000)]
  0x0000000017356800 JavaThread "C2 CompilerThread0" daemon [_thread_blocked, id=8672, stack(0x00000000192d0000,0x00000000193d0000)]
  0x0000000017353000 JavaThread "Attach Listener" daemon [_thread_blocked, id=3348, stack(0x00000000191d0000,0x00000000192d0000)]
  0x0000000018d23000 JavaThread "Signal Dispatcher" daemon [_thread_blocked, id=21596, stack(0x00000000190d0000,0x00000000191d0000)]
  0x000000000378d000 JavaThread "Finalizer" daemon [_thread_blocked, id=1288, stack(0x0000000018bd0000,0x0000000018cd0000)]
  0x000000001732b800 JavaThread "Reference Handler" daemon [_thread_blocked, id=7084, stack(0x0000000018ad0000,0x0000000018bd0000)]
  0x000000000368e000 JavaThread "main" [_thread_blocked, id=10700, stack(0x00000000034a0000,0x00000000035a0000)]

Other Threads:
  0x0000000017306000 VMThread [stack: 0x00000000189d0000,0x0000000018ad0000] [id=29376]
  0x0000000018d5d800 WatcherThread [stack: 0x00000000196d0000,0x00000000197d0000] [id=12152]

VM state:not at safepoint (normal execution)

VM Mutex/Monitor currently owned by a thread: None

heap address: 0x00000000a0000000, size: 1536 MB, Compressed Oops mode: 32-bit
Narrow klass base: 0x0000000000000000, Narrow klass shift: 3
Compressed class space size: 1073741824 Address: 0x0000000100000000

Heap:
 PSYoungGen      total 76288K, used 12432K [0x00000000e0000000, 0x00000000e7300000, 0x0000000100000000)
  eden space 65536K, 3% used [0x00000000e0000000,0x00000000e024cf58,0x00000000e4000000)
  from space 10752K, 93% used [0x00000000e4000000,0x00000000e49d7218,0x00000000e4a80000)
  to   space 10752K, 0% used [0x00000000e4a80000,0x00000000e4a80000,0x00000000e5500000)
 ParOldGen       total 112640K, used 11950K [0x00000000a0000000, 0x00000000a6e00000, 0x00000000e0000000)
  object space 112640K, 10% used [0x00000000a0000000,0x00000000a0babab0,0x00000000a6e00000)
 Metaspace       used 32114K, capacity 32934K, committed 33152K, reserved 1077248K
  class space    used 4477K, capacity 4700K, committed 4736K, reserved 1048576K

Card table byte_map: [0x0000000012b50000,0x0000000012e60000] byte_map_base: 0x0000000012650000

Marking Bits: (ParMarkBitMap*) 0x0000000054449f30
 Begin Bits: [0x0000000013660000, 0x0000000014e60000)
 End Bits:   [0x0000000014e60000, 0x0000000016660000)

Polling page: 0x0000000000ff0000

CodeCache: size=245760Kb used=9896Kb max_used=9900Kb free=235863Kb
 bounds [0x0000000003790000, 0x0000000004140000, 0x0000000012790000]
 total_blobs=3286 nmethods=2605 adapters=593
 compilation: enabled

Compilation events (10 events):
Event: 4.816 Thread 0x0000000018d2d000 2601       3       com.google.common.collect.MapMakerInternalMap::rehash (49 bytes)
Event: 4.816 Thread 0x0000000018d2d000 nmethod 2601 0x0000000004138510 code [0x0000000004138660, 0x00000000041387d0]
Event: 4.822 Thread 0x0000000018d2d000 2602       1       java.util.TreeMap::size (5 bytes)
Event: 4.822 Thread 0x0000000018d2d000 nmethod 2602 0x0000000004138250 code [0x00000000041383a0, 0x00000000041384b0]
Event: 4.822 Thread 0x0000000018d2d000 2603       3       org.codehaus.groovy.reflection.CachedField::<init> (18 bytes)
Event: 4.823 Thread 0x0000000018d2d000 nmethod 2603 0x0000000004137c50 code [0x0000000004137dc0, 0x0000000004138130]
Event: 4.842 Thread 0x0000000017356800 2604       4       java.util.zip.ZipFile$ZipFileInputStream::finalize (5 bytes)
Event: 4.842 Thread 0x0000000017356800 nmethod 2604 0x00000000040d1c10 code [0x00000000040d1d60, 0x00000000040d1de8]
Event: 4.842 Thread 0x0000000017356800 2605       4       java.util.zip.ZipFile$ZipFileInflaterInputStream::finalize (5 bytes)
Event: 4.842 Thread 0x0000000017356800 nmethod 2605 0x00000000041379d0 code [0x0000000004137b20, 0x0000000004137ba8]

GC Heap History (10 events):
Event: 2.773 GC heap before
{Heap before GC invocations=2 (full 0):
 PSYoungGen      total 76288K, used 72426K [0x00000000e0000000, 0x00000000e5500000, 0x0000000100000000)
  eden space 65536K, 100% used [0x00000000e0000000,0x00000000e4000000,0x00000000e4000000)
  from space 10752K, 64% used [0x00000000e4000000,0x00000000e46bab48,0x00000000e4a80000)
  to   space 10752K, 0% used [0x00000000e4a80000,0x00000000e4a80000,0x00000000e5500000)
 ParOldGen       total 175104K, used 16K [0x00000000a0000000, 0x00000000aab00000, 0x00000000e0000000)
  object space 175104K, 0% used [0x00000000a0000000,0x00000000a0004020,0x00000000aab00000)
 Metaspace       used 15390K, capacity 15868K, committed 16000K, reserved 1062912K
  class space    used 2171K, capacity 2332K, committed 2432K, reserved 1048576K
Event: 2.783 GC heap after
Heap after GC invocations=2 (full 0):
 PSYoungGen      total 76288K, used 10132K [0x00000000e0000000, 0x00000000e5500000, 0x0000000100000000)
  eden space 65536K, 0% used [0x00000000e0000000,0x00000000e0000000,0x00000000e4000000)
  from space 10752K, 94% used [0x00000000e4a80000,0x00000000e5465300,0x00000000e5500000)
  to   space 10752K, 0% used [0x00000000e4000000,0x00000000e4000000,0x00000000e4a80000)
 ParOldGen       total 175104K, used 24K [0x00000000a0000000, 0x00000000aab00000, 0x00000000e0000000)
  object space 175104K, 0% used [0x00000000a0000000,0x00000000a0006020,0x00000000aab00000)
 Metaspace       used 15390K, capacity 15868K, committed 16000K, reserved 1062912K
  class space    used 2171K, capacity 2332K, committed 2432K, reserved 1048576K
}
Event: 3.431 GC heap before
{Heap before GC invocations=3 (full 0):
 PSYoungGen      total 76288K, used 66169K [0x00000000e0000000, 0x00000000e5500000, 0x0000000100000000)
  eden space 65536K, 85% used [0x00000000e0000000,0x00000000e36b9180,0x00000000e4000000)
  from space 10752K, 94% used [0x00000000e4a80000,0x00000000e5465300,0x00000000e5500000)
  to   space 10752K, 0% used [0x00000000e4000000,0x00000000e4000000,0x00000000e4a80000)
 ParOldGen       total 175104K, used 24K [0x00000000a0000000, 0x00000000aab00000, 0x00000000e0000000)
  object space 175104K, 0% used [0x00000000a0000000,0x00000000a0006020,0x00000000aab00000)
 Metaspace       used 20689K, capacity 21182K, committed 21296K, reserved 1067008K
  class space    used 2955K, capacity 3128K, committed 3200K, reserved 1048576K
Event: 3.444 GC heap after
Heap after GC invocations=3 (full 0):
 PSYoungGen      total 76288K, used 10734K [0x00000000e0000000, 0x00000000e5500000, 0x0000000100000000)
  eden space 65536K, 0% used [0x00000000e0000000,0x00000000e0000000,0x00000000e4000000)
  from space 10752K, 99% used [0x00000000e4000000,0x00000000e4a7b888,0x00000000e4a80000)
  to   space 10752K, 0% used [0x00000000e4a80000,0x00000000e4a80000,0x00000000e5500000)
 ParOldGen       total 175104K, used 1529K [0x00000000a0000000, 0x00000000aab00000, 0x00000000e0000000)
  object space 175104K, 0% used [0x00000000a0000000,0x00000000a017e7f0,0x00000000aab00000)
 Metaspace       used 20689K, capacity 21182K, committed 21296K, reserved 1067008K
  class space    used 2955K, capacity 3128K, committed 3200K, reserved 1048576K
}
Event: 3.444 GC heap before
{Heap before GC invocations=4 (full 1):
 PSYoungGen      total 76288K, used 10734K [0x00000000e0000000, 0x00000000e5500000, 0x0000000100000000)
  eden space 65536K, 0% used [0x00000000e0000000,0x00000000e0000000,0x00000000e4000000)
  from space 10752K, 99% used [0x00000000e4000000,0x00000000e4a7b888,0x00000000e4a80000)
  to   space 10752K, 0% used [0x00000000e4a80000,0x00000000e4a80000,0x00000000e5500000)
 ParOldGen       total 175104K, used 1529K [0x00000000a0000000, 0x00000000aab00000, 0x00000000e0000000)
  object space 175104K, 0% used [0x00000000a0000000,0x00000000a017e7f0,0x00000000aab00000)
 Metaspace       used 20689K, capacity 21182K, committed 21296K, reserved 1067008K
  class space    used 2955K, capacity 3128K, committed 3200K, reserved 1048576K
Event: 3.482 GC heap after
Heap after GC invocations=4 (full 1):
 PSYoungGen      total 76288K, used 0K [0x00000000e0000000, 0x00000000e5500000, 0x0000000100000000)
  eden space 65536K, 0% used [0x00000000e0000000,0x00000000e0000000,0x00000000e4000000)
  from space 10752K, 0% used [0x00000000e4000000,0x00000000e4000000,0x00000000e4a80000)
  to   space 10752K, 0% used [0x00000000e4a80000,0x00000000e4a80000,0x00000000e5500000)
 ParOldGen       total 112640K, used 11928K [0x00000000a0000000, 0x00000000a6e00000, 0x00000000e0000000)
  object space 112640K, 10% used [0x00000000a0000000,0x00000000a0ba62d0,0x00000000a6e00000)
 Metaspace       used 20689K, capacity 21182K, committed 21296K, reserved 1067008K
  class space    used 2955K, capacity 3128K, committed 3200K, reserved 1048576K
}
Event: 4.229 GC heap before
{Heap before GC invocations=5 (full 1):
 PSYoungGen      total 76288K, used 65536K [0x00000000e0000000, 0x00000000e5500000, 0x0000000100000000)
  eden space 65536K, 100% used [0x00000000e0000000,0x00000000e4000000,0x00000000e4000000)
  from space 10752K, 0% used [0x00000000e4000000,0x00000000e4000000,0x00000000e4a80000)
  to   space 10752K, 0% used [0x00000000e4a80000,0x00000000e4a80000,0x00000000e5500000)
 ParOldGen       total 112640K, used 11934K [0x00000000a0000000, 0x00000000a6e00000, 0x00000000e0000000)
  object space 112640K, 10% used [0x00000000a0000000,0x00000000a0ba7ab0,0x00000000a6e00000)
 Metaspace       used 28293K, capacity 28902K, committed 29056K, reserved 1075200K
  class space    used 3898K, capacity 4098K, committed 4224K, reserved 1048576K
Event: 4.234 GC heap after
Heap after GC invocations=5 (full 1):
 PSYoungGen      total 76288K, used 7655K [0x00000000e0000000, 0x00000000e7300000, 0x0000000100000000)
  eden space 65536K, 0% used [0x00000000e0000000,0x00000000e0000000,0x00000000e4000000)
  from space 10752K, 71% used [0x00000000e4a80000,0x00000000e51f9cc0,0x00000000e5500000)
  to   space 10752K, 0% used [0x00000000e4000000,0x00000000e4000000,0x00000000e4a80000)
 ParOldGen       total 112640K, used 11942K [0x00000000a0000000, 0x00000000a6e00000, 0x00000000e0000000)
  object space 112640K, 10% used [0x00000000a0000000,0x00000000a0ba9ab0,0x00000000a6e00000)
 Metaspace       used 28293K, capacity 28902K, committed 29056K, reserved 1075200K
  class space    used 3898K, capacity 4098K, committed 4224K, reserved 1048576K
}
Event: 4.824 GC heap before
{Heap before GC invocations=6 (full 1):
 PSYoungGen      total 76288K, used 73191K [0x00000000e0000000, 0x00000000e7300000, 0x0000000100000000)
  eden space 65536K, 100% used [0x00000000e0000000,0x00000000e4000000,0x00000000e4000000)
  from space 10752K, 71% used [0x00000000e4a80000,0x00000000e51f9cc0,0x00000000e5500000)
  to   space 10752K, 0% used [0x00000000e4000000,0x00000000e4000000,0x00000000e4a80000)
 ParOldGen       total 112640K, used 11942K [0x00000000a0000000, 0x00000000a6e00000, 0x00000000e0000000)
  object space 112640K, 10% used [0x00000000a0000000,0x00000000a0ba9ab0,0x00000000a6e00000)
 Metaspace       used 31964K, capacity 32806K, committed 32896K, reserved 1077248K
  class space    used 4472K, capacity 4700K, committed 4736K, reserved 1048576K
Event: 4.834 GC heap after
Heap after GC invocations=6 (full 1):
 PSYoungGen      total 76288K, used 10076K [0x00000000e0000000, 0x00000000e7300000, 0x0000000100000000)
  eden space 65536K, 0% used [0x00000000e0000000,0x00000000e0000000,0x00000000e4000000)
  from space 10752K, 93% used [0x00000000e4000000,0x00000000e49d7218,0x00000000e4a80000)
  to   space 10752K, 0% used [0x00000000e4a80000,0x00000000e4a80000,0x00000000e5500000)
 ParOldGen       total 112640K, used 11950K [0x00000000a0000000, 0x00000000a6e00000, 0x00000000e0000000)
  object space 112640K, 10% used [0x00000000a0000000,0x00000000a0babab0,0x00000000a6e00000)
 Metaspace       used 31964K, capacity 32806K, committed 32896K, reserved 1077248K
  class space    used 4472K, capacity 4700K, committed 4736K, reserved 1048576K
}

Deoptimization events (10 events):
Event: 3.365 Thread 0x000000001abee800 Uncommon trap: reason=bimorphic action=maybe_recompile pc=0x0000000003d3fed4 method=java.io.BufferedInputStream.read([BII)I @ 101
Event: 3.365 Thread 0x000000001abee800 Uncommon trap: reason=bimorphic action=maybe_recompile pc=0x0000000003d3fed4 method=java.io.BufferedInputStream.read([BII)I @ 101
Event: 3.923 Thread 0x000000001abee800 Uncommon trap: reason=unstable_if action=reinterpret pc=0x0000000003c5a224 method=java.util.HashMap.hash(Ljava/lang/Object;)I @ 1
Event: 4.047 Thread 0x000000001abee800 Uncommon trap: reason=unstable_if action=reinterpret pc=0x0000000003a3d7bc method=java.io.WinNTFileSystem.resolve(Ljava/lang/String;Ljava/lang/String;)Ljava/lang/String; @ 49
Event: 4.069 Thread 0x000000001abee800 Uncommon trap: reason=unstable_if action=reinterpret pc=0x0000000003a6ecb0 method=java.util.LinkedHashMap.afterNodeInsertion(Z)V @ 1
Event: 4.668 Thread 0x000000001abee800 Uncommon trap: reason=unstable_if action=reinterpret pc=0x00000000039f5444 method=java.util.HashMap.getNode(ILjava/lang/Object;)Ljava/util/HashMap$Node; @ 53
Event: 4.668 Thread 0x000000001abee800 Uncommon trap: reason=unstable_if action=reinterpret pc=0x0000000003c2ae4c method=java.util.HashMap.hash(Ljava/lang/Object;)I @ 1
Event: 4.724 Thread 0x000000001abee800 Uncommon trap: reason=unstable_if action=reinterpret pc=0x0000000003faf9e8 method=java.util.WeakHashMap.put(Ljava/lang/Object;Ljava/lang/Object;)Ljava/lang/Object; @ 72
Event: 4.743 Thread 0x000000001abee800 Uncommon trap: reason=unstable_if action=reinterpret pc=0x0000000003fe4008 method=org.objectweb.asm.ByteVector.putShort(I)Lorg/objectweb/asm/ByteVector; @ 13
Event: 4.747 Thread 0x000000001abee800 Uncommon trap: reason=unstable_if action=reinterpret pc=0x0000000004027e94 method=java.net.URLStreamHandler.sameFile(Ljava/net/URL;Ljava/net/URL;)Z @ 63

Classes redefined (0 events):
No events

Internal exceptions (10 events):
Event: 4.716 Thread 0x000000001abee800 Exception <a 'java/lang/ClassNotFoundException': org/gradle/api/internal/plugins/DefaultObjectConfigurationActionBeanInfo> (0x00000000e38f0a08) thrown at [D:\src\AOSP-openjdk-cygwin\jdk8u\hotspot\src\share\vm\classfile\systemDictionary.cpp, line 210]
Event: 4.716 Thread 0x000000001abee800 Exception <a 'java/lang/ClassNotFoundException': org/gradle/api/internal/plugins/DefaultObjectConfigurationActionCustomizer> (0x00000000e390d4c8) thrown at [D:\src\AOSP-openjdk-cygwin\jdk8u\hotspot\src\share\vm\classfile\systemDictionary.cpp, line 210]
Event: 4.809 Thread 0x000000001abee800 Exception <a 'java/lang/ClassNotFoundException': KaptModelBuilderPluginBeanInfo> (0x00000000e3ed8238) thrown at [D:\src\AOSP-openjdk-cygwin\jdk8u\hotspot\src\share\vm\classfile\systemDictionary.cpp, line 210]
Event: 4.809 Thread 0x000000001abee800 Exception <a 'java/lang/ClassNotFoundException': KaptModelBuilderPluginCustomizer> (0x00000000e3ee55c8) thrown at [D:\src\AOSP-openjdk-cygwin\jdk8u\hotspot\src\share\vm\classfile\systemDictionary.cpp, line 210]
Event: 4.813 Thread 0x000000001abee800 Exception <a 'java/lang/ClassNotFoundException': KaptModelBuilderBeanInfo> (0x00000000e3f28128) thrown at [D:\src\AOSP-openjdk-cygwin\jdk8u\hotspot\src\share\vm\classfile\systemDictionary.cpp, line 210]
Event: 4.814 Thread 0x000000001abee800 Exception <a 'java/lang/ClassNotFoundException': KaptModelBuilderCustomizer> (0x00000000e3f351e0) thrown at [D:\src\AOSP-openjdk-cygwin\jdk8u\hotspot\src\share\vm\classfile\systemDictionary.cpp, line 210]
Event: 4.821 Thread 0x000000001abee800 Exception <a 'java/lang/ClassNotFoundException': org/jetbrains/kotlin/kapt/idea/KaptModelBuilderServiceBeanInfo> (0x00000000e3fbbbc0) thrown at [D:\src\AOSP-openjdk-cygwin\jdk8u\hotspot\src\share\vm\classfile\systemDictionary.cpp, line 210]
Event: 4.821 Thread 0x000000001abee800 Exception <a 'java/lang/ClassNotFoundException': org/jetbrains/kotlin/gradle/AbstractKotlinGradleModelBuilderBeanInfo> (0x00000000e3fc8278) thrown at [D:\src\AOSP-openjdk-cygwin\jdk8u\hotspot\src\share\vm\classfile\systemDictionary.cpp, line 210]
Event: 4.821 Thread 0x000000001abee800 Exception <a 'java/lang/ClassNotFoundException': org/jetbrains/kotlin/gradle/AbstractKotlinGradleModelBuilderCustomizer> (0x00000000e3fd4940) thrown at [D:\src\AOSP-openjdk-cygwin\jdk8u\hotspot\src\share\vm\classfile\systemDictionary.cpp, line 210]
Event: 4.822 Thread 0x000000001abee800 Exception <a 'java/lang/ClassNotFoundException': org/jetbrains/kotlin/kapt/idea/KaptModelBuilderServiceCustomizer> (0x00000000e3fe6640) thrown at [D:\src\AOSP-openjdk-cygwin\jdk8u\hotspot\src\share\vm\classfile\systemDictionary.cpp, line 210]

Events (10 events):
Event: 4.841 Executing VM operation: BulkRevokeBias
Event: 4.841 Executing VM operation: BulkRevokeBias done
Event: 4.846 loading class kotlin/collections/CollectionsKt___CollectionsJvmKt
Event: 4.846 loading class kotlin/collections/CollectionsKt___CollectionsJvmKt done
Event: 4.846 loading class kotlin/collections/CollectionsKt__ReversedViewsKt
Event: 4.846 loading class kotlin/collections/CollectionsKt__ReversedViewsKt done
Event: 4.847 loading class kotlin/collections/CollectionsKt__MutableCollectionsKt
Event: 4.847 loading class kotlin/collections/CollectionsKt__MutableCollectionsKt done
Event: 4.847 loading class kotlin/collections/CollectionsKt__MutableCollectionsJVMKt
Event: 4.847 loading class kotlin/collections/CollectionsKt__MutableCollectionsJVMKt done


Dynamic libraries:
0x00007ff6c2ee0000 - 0x00007ff6c2f11000 	C:\Program Files\Android\Android Studio\jre\bin\java.exe
0x00007ffb13c80000 - 0x00007ffb13e70000 	C:\Windows\SYSTEM32\ntdll.dll
0x00007ffb13ac0000 - 0x00007ffb13b72000 	C:\Windows\System32\KERNEL32.DLL
0x00007ffb11a00000 - 0x00007ffb11ca3000 	C:\Windows\System32\KERNELBASE.dll
0x00007ffb11dc0000 - 0x00007ffb11e63000 	C:\Windows\System32\ADVAPI32.dll
0x00007ffb13800000 - 0x00007ffb1389e000 	C:\Windows\System32\msvcrt.dll
0x00007ffb12690000 - 0x00007ffb12727000 	C:\Windows\System32\sechost.dll
0x00007ffb13300000 - 0x00007ffb13420000 	C:\Windows\System32\RPCRT4.dll
0x00007ffb12750000 - 0x00007ffb128e4000 	C:\Windows\System32\USER32.dll
0x00007ffb10c90000 - 0x00007ffb10cb1000 	C:\Windows\System32\win32u.dll
0x00007ffb12aa0000 - 0x00007ffb12ac6000 	C:\Windows\System32\GDI32.dll
0x00007ffb11800000 - 0x00007ffb11994000 	C:\Windows\System32\gdi32full.dll
0x00007ffb10cc0000 - 0x00007ffb10d5e000 	C:\Windows\System32\msvcp_win.dll
0x00007ffb10d60000 - 0x00007ffb10e5a000 	C:\Windows\System32\ucrtbase.dll
0x00007ffb06460000 - 0x00007ffb066e5000 	C:\Windows\WinSxS\amd64_microsoft.windows.common-controls_6595b64144ccf1df_6.0.18362.657_none_e6c5b579130e3898\COMCTL32.dll
0x00007ffb12350000 - 0x00007ffb12686000 	C:\Windows\System32\combase.dll
0x00007ffb11780000 - 0x00007ffb11800000 	C:\Windows\System32\bcryptPrimitives.dll
0x00007ffb137d0000 - 0x00007ffb137fe000 	C:\Windows\System32\IMM32.DLL
0x0000000053ac0000 - 0x0000000053b92000 	C:\Program Files\Android\Android Studio\jre\jre\bin\msvcr100.dll
0x0000000053c80000 - 0x00000000544c6000 	C:\Program Files\Android\Android Studio\jre\jre\bin\server\jvm.dll
0x00007ffb138a0000 - 0x00007ffb138a8000 	C:\Windows\System32\PSAPI.DLL
0x00007ffb04880000 - 0x00007ffb04889000 	C:\Windows\SYSTEM32\WSOCK32.dll
0x00007ffb122e0000 - 0x00007ffb1234f000 	C:\Windows\System32\WS2_32.dll
0x00007ffb08ba0000 - 0x00007ffb08baa000 	C:\Windows\SYSTEM32\VERSION.dll
0x00007ffb041c0000 - 0x00007ffb041e4000 	C:\Windows\SYSTEM32\WINMM.dll
0x00007ffb03da0000 - 0x00007ffb03dcd000 	C:\Windows\SYSTEM32\WINMMBASE.dll
0x00007ffb10e60000 - 0x00007ffb10eaa000 	C:\Windows\System32\cfgmgr32.dll
0x00007ffafa910000 - 0x00007ffafa91f000 	C:\Program Files\Android\Android Studio\jre\jre\bin\verify.dll
0x00007ffaedcd0000 - 0x00007ffaedcf9000 	C:\Program Files\Android\Android Studio\jre\jre\bin\java.dll
0x00007ffaee050000 - 0x00007ffaee066000 	C:\Program Files\Android\Android Studio\jre\jre\bin\zip.dll
0x00007ffb12ba0000 - 0x00007ffb13285000 	C:\Windows\System32\SHELL32.dll
0x00007ffb136c0000 - 0x00007ffb13769000 	C:\Windows\System32\shcore.dll
0x00007ffb10eb0000 - 0x00007ffb1162f000 	C:\Windows\System32\windows.storage.dll
0x00007ffb10c50000 - 0x00007ffb10c6f000 	C:\Windows\System32\profapi.dll
0x00007ffb10c00000 - 0x00007ffb10c4a000 	C:\Windows\System32\powrprof.dll
0x00007ffb10bd0000 - 0x00007ffb10be0000 	C:\Windows\System32\UMPDC.dll
0x00007ffb13b80000 - 0x00007ffb13bd2000 	C:\Windows\System32\shlwapi.dll
0x00007ffb10be0000 - 0x00007ffb10bf1000 	C:\Windows\System32\kernel.appcore.dll
0x00007ffb11d90000 - 0x00007ffb11da7000 	C:\Windows\System32\cryptsp.dll
0x00007ffaedcb0000 - 0x00007ffaedcca000 	C:\Program Files\Android\Android Studio\jre\jre\bin\net.dll
0x00007ffb10440000 - 0x00007ffb104a7000 	C:\Windows\system32\mswsock.dll
0x00007ffaedc90000 - 0x00007ffaedca1000 	C:\Program Files\Android\Android Studio\jre\jre\bin\nio.dll
0x00007ffa9f4f0000 - 0x00007ffa9f516000 	C:\Users\yht\.gradle\native\29\windows-amd64\native-platform.dll
0x00007ffaf34f0000 - 0x00007ffaf34fd000 	C:\Program Files\Android\Android Studio\jre\jre\bin\management.dll
0x00007ffb0ffb0000 - 0x00007ffb0ffe3000 	C:\Windows\system32\rsaenh.dll
0x00007ffb11cb0000 - 0x00007ffb11cd6000 	C:\Windows\System32\bcrypt.dll
0x00007ffb10af0000 - 0x00007ffb10b15000 	C:\Windows\SYSTEM32\USERENV.dll
0x00007ffb10610000 - 0x00007ffb1061c000 	C:\Windows\SYSTEM32\CRYPTBASE.dll
0x00007ffb10150000 - 0x00007ffb1018a000 	C:\Windows\SYSTEM32\IPHLPAPI.DLL
0x00007ffb13ab0000 - 0x00007ffb13ab8000 	C:\Windows\System32\NSI.dll
0x00007ffb0b140000 - 0x00007ffb0b156000 	C:\Windows\SYSTEM32\dhcpcsvc6.DLL
0x00007ffb0b120000 - 0x00007ffb0b13c000 	C:\Windows\SYSTEM32\dhcpcsvc.DLL
0x00007ffb10190000 - 0x00007ffb1025a000 	C:\Windows\SYSTEM32\DNSAPI.dll

VM Arguments:
jvm_args: -Xmx1536m -Dfile.encoding=GBK -Duser.country=CN -Duser.language=zh -Duser.variant 
java_command: org.gradle.launcher.daemon.bootstrap.GradleDaemon 5.4.1
java_class_path (initial): C:\Users\yht\.gradle\wrapper\dists\gradle-5.4.1-all\3221gyojl5jsh0helicew7rwx\gradle-5.4.1\lib\gradle-launcher-5.4.1.jar
Launcher Type: SUN_STANDARD

Environment Variables:
PATH=C:\Users\yht\AppData\Local\Programs\Python\Python37;C:\Users\yht\AppData\Local\Programs\Python\Python37\Scripts;C:\Program Files (x86)\Common Files\Oracle\Java\javapath;C:\WINDOWS\system32;C:\WINDOWS;C:\WINDOWS\System32\Wbem;C:\WINDOWS\System32\WindowsPowerShell\v1.0\;C:\WINDOWS\System32\OpenSSH\;C:\Program Files\NVIDIA Corporation\NVIDIA NvDLISR;C:\Program Files (x86)\NVIDIA Corporation\PhysX\Common;C:\Program Files\Git\cmd;C:\Program Files\nodejs\;C:\ProgramData\chocolatey\bin;C:\Python27;C:\Python27\Scripts;C:\Users\yht\AppData\Local\Android\Sdk\ndk\16.1.4479499;C:\Users\yht\Anaconda3;C:\Users\yht\Anaconda3\Library\mingw-w64\bin;C:\Users\yht\Anaconda3\Library\usr\bin;C:\Users\yht\Anaconda3\Library\bin;C:\Users\yht\Anaconda3\Scripts;C:\Users\yht\AppData\Local\Programs\Python\Python37\Scripts\;C:\Users\yht\AppData\Local\Programs\Python\Python37\;C:\Users\yht\AppData\Local\Microsoft\WindowsApps;C:\Users\yht\AppData\Local\Programs\Microsoft VS Code\bin;C:\Users\yht\AppData\Roaming\npm
USERNAME=yht
OS=Windows_NT
PROCESSOR_IDENTIFIER=Intel64 Family 6 Model 158 Stepping 12, GenuineIntel



---------------  S Y S T E M  ---------------

OS: Windows 10.0 , 64 bit Build 18362 (10.0.18362.329)

CPU:total 6 (initial active 6) (6 cores per cpu, 1 threads per core) family 6 model 158 stepping 12, cmov, cx8, fxsr, mmx, sse, sse2, sse3, ssse3, sse4.1, sse4.2, popcnt, avx, avx2, aes, clmul, erms, rtm, 3dnowpref, lzcnt, tsc, tscinvbit, bmi1, bmi2, adx

Memory: 4k page, physical 16717252k(3097576k free), swap 21861828k(316k free)

vm_info: OpenJDK 64-Bit Server VM (25.202-b03) for windows-amd64 JRE (1.8.0_202-release-1483-b03), built by "builder" with MS VC++ 10.0 (VS2010)

time: Fri Feb 21 11:51:37 2020
timezone: 中国标准时间
elapsed time: 4 seconds (0d 0h 0m 4s)

